<?xml version="1.0" encoding="UTF-8"?>
<beans xmlns="http://www.springframework.org/schema/beans"
	xmlns:xsi="http://www.w3.org/2001/XMLSchema-instance" xmlns:aop="http://www.springframework.org/schema/aop"
	xmlns:context="http://www.springframework.org/schema/context" xmlns:tx="http://www.springframework.org/schema/tx"
	xmlns:p="http://www.springframework.org/schema/p"

	xsi:schemaLocation="http://www.springframework.org/schema/beans http://www.springframework.org/schema/beans/spring-beans-3.0.xsd
          http://www.springframework.org/schema/aop http://www.springframework.org/schema/aop/spring-aop-3.0.xsd
          http://www.springframework.org/schema/context http://www.springframework.org/schema/context/spring-context-3.0.xsd
          http://www.springframework.org/schema/tx http://www.springframework.org/schema/tx/spring-tx-3.0.xsd
"
	default-autowire="byName">

	<!-- ##Hello Service configuration## start  -->
    <bean id="helloDao" class="org.rill.bpm.ws.metro.hello.dao.impl.HelloDaoImpl"></bean>
    <bean id="helloService" class="org.rill.bpm.ws.metro.hello.service.impl.HelloServiceImpl"></bean>
    <!-- ##Hello Service configuration## end  -->

	<tx:annotation-driven />
	<bean id="transactionManager"
		class="org.springframework.jdbc.datasource.DataSourceTransactionManager">
		<property name="dataSource" ref="dataSource" />
	</bean>

	<bean id="dataSource"
		class="org.springframework.jdbc.datasource.SimpleDriverDataSource">
		<property name="driverClass" value="org.h2.Driver" />
		<property name="url"
			value="jdbc:h2:mem:hello;DB_CLOSE_DELAY=1000;MVCC=TRUE" />
		<property name="username" value="sa" />
		<property name="password" value="" />
	</bean>

</beans>
